<?xml version="1.0" encoding="UTF-8"?>
<!-- Generated by org.testng.reporters.JUnitXMLReporter -->
<testsuite ignored="0" hostname="Dinesh" failures="0" tests="3" name="Default test" time="26.586" errors="0" timestamp="2025-10-12T10:33:15 IST">
  <testcase classname="SelFrameWork.StandaloneTest" name="submitOrderTest" time="5.765"/>
  <testcase classname="SelFrameWork.StandaloneTest" name="submitOrderTest" time="5.925"/>
  <testcase classname="SelFrameWork.StandaloneTest" name="productConfirmation" time="1.33"/>
</testsuite> <!-- Default test -->
