<?xml version="1.0" encoding="UTF-8"?>
<!-- Generated by org.testng.reporters.JUnitXMLReporter -->
<testsuite ignored="0" hostname="Dinesh" failures="0" tests="3" name="Default test" time="26.418" errors="0" timestamp="2025-10-15T23:45:27 IST">
  <testcase classname="SelFrameWork.StandaloneTest" name="submitOrderTest" time="5.234"/>
  <testcase classname="SelFrameWork.StandaloneTest" name="submitOrderTest" time="5.428"/>
  <testcase classname="SelFrameWork.StandaloneTest" name="productConfirmation" time="1.011"/>
</testsuite> <!-- Default test -->
