<?xml version="1.0" encoding="UTF-8"?>
<!-- Generated by org.testng.reporters.JUnitXMLReporter -->
<testsuite ignored="0" hostname="Dinesh" failures="1" tests="3" name="ErrorValidationTest" time="11.945" errors="0" timestamp="2025-10-13T10:29:29 IST">
  <testcase classname="SelFrameWork.ErrorValidationTest" name="LoginErrorTest" time="0.586"/>
  <testcase classname="SelFrameWork.ErrorValidationTest" name="incorrectEmailOrPassword" time="0.701">
    <skipped/>
  </testcase> <!-- incorrectEmailOrPassword -->
  <testcase classname="SelFrameWork.ErrorValidationTest" name="incorrectEmailOrPassword" time="0.6">
    <failure type="java.lang.AssertionError" message="expected [Incorrect email o password.] but found [Incorrect email or password.]">
      <![CDATA[java.lang.AssertionError: expected [Incorrect email o password.] but found [Incorrect email or password.]
at SelFrameWork.ErrorValidationTest.incorrectEmailOrPassword(ErrorValidationTest.java:27)
at java.base/java.util.ArrayList.forEach(ArrayList.java:1596)
... Removed 31 stack frames]]>
    </failure>
  </testcase> <!-- incorrectEmailOrPassword -->
</testsuite> <!-- ErrorValidationTest -->
