<?xml version="1.0" encoding="UTF-8"?>
<!-- Generated by org.testng.reporters.JUnitXMLReporter -->
<testsuite ignored="0" hostname="Dinesh" failures="0" tests="3" name="StandaloneTest" time="22.416" errors="0" timestamp="2025-10-12T14:25:39 IST">
  <testcase classname="SelFrameWork.StandaloneTest" name="submitOrderTest" time="5.106"/>
  <testcase classname="SelFrameWork.StandaloneTest" name="submitOrderTest" time="5.032"/>
  <testcase classname="SelFrameWork.StandaloneTest" name="productConfirmation" time="0.866"/>
</testsuite> <!-- StandaloneTest -->
