<?xml version="1.0" encoding="UTF-8"?>
<!-- Generated by org.testng.reporters.JUnitXMLReporter -->
<testsuite ignored="0" hostname="Dinesh" failures="1" tests="3" name="ErrorValidationTest" time="12.878" errors="0" timestamp="2025-10-13T12:16:08 IST">
  <testcase classname="SelFrameWork.ErrorValidationTest" name="LoginErrorTest" time="0.48"/>
  <testcase classname="SelFrameWork.ErrorValidationTest" name="incorrectEmailOrPassword" time="0.571">
    <skipped/>
  </testcase> <!-- incorrectEmailOrPassword -->
  <testcase classname="SelFrameWork.ErrorValidationTest" name="incorrectEmailOrPassword" time="0.703">
    <failure type="java.lang.AssertionError" message="expected [Incorrect email o password.] but found [Incorrect email or password.]">
      <![CDATA[java.lang.AssertionError: expected [Incorrect email o password.] but found [Incorrect email or password.]
at SelFrameWork.ErrorValidationTest.incorrectEmailOrPassword(ErrorValidationTest.java:27)
at java.base/java.util.ArrayList.forEach(ArrayList.java:1604)
at java.base/java.util.concurrent.FutureTask.run(FutureTask.java:328)
at java.base/java.util.concurrent.ThreadPoolExecutor.runWorker(ThreadPoolExecutor.java:1095)
at java.base/java.util.concurrent.ThreadPoolExecutor$Worker.run(ThreadPoolExecutor.java:619)
at java.base/java.lang.Thread.run(Thread.java:1447)
... Removed 21 stack frames]]>
    </failure>
  </testcase> <!-- incorrectEmailOrPassword -->
</testsuite> <!-- ErrorValidationTest -->
