<?xml version="1.0" encoding="UTF-8"?>
<!-- Generated by org.testng.reporters.JUnitXMLReporter -->
<testsuite ignored="0" hostname="Dinesh" failures="0" tests="3" name="StandaloneTest" time="19.329" errors="0" timestamp="2025-10-13T12:27:20 IST">
  <testcase classname="SelFrameWork.StandaloneTest" name="submitOrderTest" time="5.254"/>
  <testcase classname="SelFrameWork.StandaloneTest" name="submitOrderTest" time="5.297"/>
  <testcase classname="SelFrameWork.StandaloneTest" name="productConfirmation" time="1.072"/>
</testsuite> <!-- StandaloneTest -->
