<?xml version="1.0" encoding="UTF-8"?>
<!-- Generated by org.testng.reporters.JUnitXMLReporter -->
<testsuite ignored="0" hostname="Dinesh" failures="1" tests="3" name="StandaloneTest" time="39.02" errors="0" timestamp="2025-10-16T21:18:56 IST">
  <testcase classname="SelFrameWork.StandaloneTest" name="submitOrderTest" time="5.27"/>
  <testcase classname="SelFrameWork.StandaloneTest" name="submitOrderTest" time="5.089"/>
  <testcase classname="SelFrameWork.StandaloneTest" name="productConfirmation" time="0.465">
    <failure type="org.openqa.selenium.ElementClickInterceptedException" message="Element &amp;lt;button class=&amp;quot;btn btn-custom&amp;quot;&amp;gt; is not clickable at point (1175,27) because another element &amp;lt;div class=&amp;quot;ngx-spinner-overlay ng-tns-c31-1 ng-trigger ng-trigger-fadeIn ng-star-inserted ng-animating&amp;quot;&amp;gt; obscures it
Build info: version: &amp;apos;4.35.0&amp;apos;, revision: &amp;apos;1c58e5028b&amp;apos;
System info: os.name: &amp;apos;Windows 11&amp;apos;, os.arch: &amp;apos;amd64&amp;apos;, os.version: &amp;apos;10.0&amp;apos;, java.version: &amp;apos;17.0.12&amp;apos;
Driver info: org.openqa.selenium.firefox.FirefoxDriver
Command: [a411ee6a-3478-4ea9-b405-26813725922f, clickElement {id=5a806000-2398-4cf5-ae78-7bcec3f3e8ad}]
Capabilities {acceptInsecureCerts: true, browserName: firefox, browserVersion: 144.0, moz:accessibilityChecks: false, moz:buildID: 20251009125714, moz:geckodriverVersion: 0.36.0, moz:headless: false, moz:platformVersion: 10.0, moz:processID: 10840, moz:profile: C:\Users\JESUS\AppData\Loca..., moz:shutdownTimeout: 60000, moz:webdriverClick: true, moz:windowless: false, pageLoadStrategy: normal, platformName: windows, proxy: Proxy(), setWindowRect: true, strictFileInteractability: false, timeouts: {implicit: 0, pageLoad: 300000, script: 30000}, unhandledPromptBehavior: dismiss and notify, userAgent: Mozilla/5.0 (Windows NT 10....}
Element: [[FirefoxDriver: firefox on windows (a411ee6a-3478-4ea9-b405-26813725922f)] -&amp;gt; xpath: //ul//li//button[@routerlink=&amp;apos;/dashboard/myorders&amp;apos;]]
Session ID: a411ee6a-3478-4ea9-b405-26813725922f">
      <![CDATA[org.openqa.selenium.ElementClickInterceptedException: Element <button class="btn btn-custom"> is not clickable at point (1175,27) because another element <div class="ngx-spinner-overlay ng-tns-c31-1 ng-trigger ng-trigger-fadeIn ng-star-inserted ng-animating"> obscures it
Build info: version: '4.35.0', revision: '1c58e5028b'
System info: os.name: 'Windows 11', os.arch: 'amd64', os.version: '10.0', java.version: '17.0.12'
Driver info: org.openqa.selenium.firefox.FirefoxDriver
Command: [a411ee6a-3478-4ea9-b405-26813725922f, clickElement {id=5a806000-2398-4cf5-ae78-7bcec3f3e8ad}]
Capabilities {acceptInsecureCerts: true, browserName: firefox, browserVersion: 144.0, moz:accessibilityChecks: false, moz:buildID: 20251009125714, moz:geckodriverVersion: 0.36.0, moz:headless: false, moz:platformVersion: 10.0, moz:processID: 10840, moz:profile: C:\Users\JESUS\AppData\Loca..., moz:shutdownTimeout: 60000, moz:webdriverClick: true, moz:windowless: false, pageLoadStrategy: normal, platformName: windows, proxy: Proxy(), setWindowRect: true, strictFileInteractability: false, timeouts: {implicit: 0, pageLoad: 300000, script: 30000}, unhandledPromptBehavior: dismiss and notify, userAgent: Mozilla/5.0 (Windows NT 10....}
Element: [[FirefoxDriver: firefox on windows (a411ee6a-3478-4ea9-b405-26813725922f)] -> xpath: //ul//li//button[@routerlink='/dashboard/myorders']]
Session ID: a411ee6a-3478-4ea9-b405-26813725922f
at org.openqa.selenium.remote.ErrorCodec.decode(ErrorCodec.java:167)
at org.openqa.selenium.remote.codec.w3c.W3CHttpResponseCodec.decode(W3CHttpResponseCodec.java:138)
at org.openqa.selenium.remote.codec.w3c.W3CHttpResponseCodec.decode(W3CHttpResponseCodec.java:50)
at org.openqa.selenium.remote.HttpCommandExecutor.execute(HttpCommandExecutor.java:215)
at org.openqa.selenium.remote.service.DriverCommandExecutor.invokeExecute(DriverCommandExecutor.java:216)
at org.openqa.selenium.remote.service.DriverCommandExecutor.execute(DriverCommandExecutor.java:174)
at org.openqa.selenium.remote.RemoteWebDriver.execute(RemoteWebDriver.java:557)
at org.openqa.selenium.remote.RemoteWebElement.execute(RemoteWebElement.java:223)
at org.openqa.selenium.remote.RemoteWebElement.click(RemoteWebElement.java:76)
at org.openqa.selenium.support.pagefactory.internal.LocatingElementHandler.invoke(LocatingElementHandler.java:51)
at jdk.proxy2/jdk.proxy2.$Proxy13.click(Unknown Source)
at sel.abstractComponents.AbstractComponents.orderPageClick(AbstractComponents.java:54)
at SelFrameWork.StandaloneTest.productConfirmation(StandaloneTest.java:50)
at java.base/java.util.ArrayList.forEach(ArrayList.java:1511)
at java.base/java.util.concurrent.FutureTask.run(FutureTask.java:264)
at java.base/java.util.concurrent.ThreadPoolExecutor.runWorker(ThreadPoolExecutor.java:1136)
at java.base/java.util.concurrent.ThreadPoolExecutor$Worker.run(ThreadPoolExecutor.java:635)
at java.base/java.lang.Thread.run(Thread.java:842)
... Removed 26 stack frames]]>
    </failure>
  </testcase> <!-- productConfirmation -->
</testsuite> <!-- StandaloneTest -->
