<?xml version="1.0" encoding="UTF-8"?>
<testng-results ignored="0" total="3" passed="3" failed="0" skipped="0">
  <reporter-output>
  </reporter-output>
  <suite started-at="2025-10-13T12:27:00 IST" name="Suite" finished-at="2025-10-13T12:27:19 IST" duration-ms="19329">
    <groups>
      <group name="submitorder">
        <method signature="StandaloneTest.submitOrderTest(java.lang.String,java.lang.String,java.lang.String)[pri:0, instance:SelFrameWork.StandaloneTest@55a147cc]" name="submitOrderTest" class="SelFrameWork.StandaloneTest"/>
      </group> <!-- submitorder -->
    </groups>
    <test started-at="2025-10-13T12:27:00 IST" name="StandaloneTest" finished-at="2025-10-13T12:27:19 IST" duration-ms="19329">
      <class name="SelFrameWork.StandaloneTest">
        <test-method is-config="true" signature="launchOpenPage()[pri:0, instance:SelFrameWork.StandaloneTest@55a147cc]" started-at="2025-10-13T12:27:00 IST" name="launchOpenPage" finished-at="2025-10-13T12:27:03 IST" duration-ms="2741" status="PASS">
          <reporter-output>
          </reporter-output>
        </test-method> <!-- launchOpenPage -->
        <test-method signature="submitOrderTest(java.lang.String,java.lang.String,java.lang.String)[pri:0, instance:SelFrameWork.StandaloneTest@55a147cc]" started-at="2025-10-13T12:27:03 IST" name="submitOrderTest" data-provider="getData" finished-at="2025-10-13T12:27:08 IST" duration-ms="5254" status="PASS">
          <params>
            <param index="0">
              <value>
                <![CDATA[surampudi@gmail.com]]>
              </value>
            </param>
            <param index="1">
              <value>
                <![CDATA[Hari9490@]]>
              </value>
            </param>
            <param index="2">
              <value>
                <![CDATA[ZARA COAT 3]]>
              </value>
            </param>
          </params>
          <reporter-output>
          </reporter-output>
        </test-method> <!-- submitOrderTest -->
        <test-method is-config="true" signature="tearDown()[pri:0, instance:SelFrameWork.StandaloneTest@55a147cc]" started-at="2025-10-13T12:27:08 IST" name="tearDown" finished-at="2025-10-13T12:27:08 IST" duration-ms="340" status="PASS">
          <reporter-output>
          </reporter-output>
        </test-method> <!-- tearDown -->
        <test-method is-config="true" signature="launchOpenPage()[pri:0, instance:SelFrameWork.StandaloneTest@55a147cc]" started-at="2025-10-13T12:27:08 IST" name="launchOpenPage" finished-at="2025-10-13T12:27:10 IST" duration-ms="2166" status="PASS">
          <reporter-output>
          </reporter-output>
        </test-method> <!-- launchOpenPage -->
        <test-method signature="submitOrderTest(java.lang.String,java.lang.String,java.lang.String)[pri:0, instance:SelFrameWork.StandaloneTest@55a147cc]" started-at="2025-10-13T12:27:10 IST" name="submitOrderTest" data-provider="getData" finished-at="2025-10-13T12:27:16 IST" duration-ms="5297" status="PASS">
          <params>
            <param index="0">
              <value>
                <![CDATA[pavani1008@gmail.com]]>
              </value>
            </param>
            <param index="1">
              <value>
                <![CDATA[Pavani1008@]]>
              </value>
            </param>
            <param index="2">
              <value>
                <![CDATA[ADIDAS ORIGINAL]]>
              </value>
            </param>
          </params>
          <reporter-output>
          </reporter-output>
        </test-method> <!-- submitOrderTest -->
        <test-method is-config="true" signature="tearDown()[pri:0, instance:SelFrameWork.StandaloneTest@55a147cc]" started-at="2025-10-13T12:27:16 IST" name="tearDown" finished-at="2025-10-13T12:27:16 IST" duration-ms="299" status="PASS">
          <reporter-output>
          </reporter-output>
        </test-method> <!-- tearDown -->
        <test-method is-config="true" signature="launchOpenPage()[pri:0, instance:SelFrameWork.StandaloneTest@55a147cc]" started-at="2025-10-13T12:27:16 IST" name="launchOpenPage" finished-at="2025-10-13T12:27:18 IST" duration-ms="1811" status="PASS">
          <reporter-output>
          </reporter-output>
        </test-method> <!-- launchOpenPage -->
        <test-method signature="productConfirmation()[pri:0, instance:SelFrameWork.StandaloneTest@55a147cc]" started-at="2025-10-13T12:27:18 IST" name="productConfirmation" finished-at="2025-10-13T12:27:19 IST" depends-on-methods="SelFrameWork.StandaloneTest.submitOrderTest" duration-ms="1072" status="PASS">
          <reporter-output>
          </reporter-output>
        </test-method> <!-- productConfirmation -->
        <test-method is-config="true" signature="tearDown()[pri:0, instance:SelFrameWork.StandaloneTest@55a147cc]" started-at="2025-10-13T12:27:19 IST" name="tearDown" finished-at="2025-10-13T12:27:19 IST" duration-ms="236" status="PASS">
          <reporter-output>
          </reporter-output>
        </test-method> <!-- tearDown -->
      </class> <!-- SelFrameWork.StandaloneTest -->
    </test> <!-- StandaloneTest -->
  </suite> <!-- Suite -->
</testng-results>
