<?xml version="1.0" encoding="UTF-8"?>
<testsuite xmlns:xsi="http://www.w3.org/2001/XMLSchema-instance" xsi:noNamespaceSchemaLocation="https://maven.apache.org/surefire/maven-surefire-plugin/xsd/surefire-test-report.xsd" version="3.0.2" name="TestSuite" time="21.153" tests="3" errors="0" skipped="0" failures="0">
  <properties>
[...]
</properties>
  <testcase name="submitOrderTest[surampudi@gmail.com, Hari9490@, ZARA COAT 3](1)" classname="SelFrameWork.StandaloneTest" time="5.265">
    <system-err><![CDATA[SLF4J(W): No SLF4J providers were found.
SLF4J(W): Defaulting to no-operation (NOP) logger implementation
SLF4J(W): See https://www.slf4j.org/codes.html#noProviders for further details.
Oct 13, 2025 12:27:02 PM org.openqa.selenium.devtools.CdpVersionFinder findNearestMatch
WARNING: Unable to find an exact match for CDP version 141, returning the closest version; found: 139; Please update to a Selenium version that supports CDP version 141
]]></system-err>
  </testcase>
  <testcase name="submitOrderTest[pavani1008@gmail.com, Pavani1008@, ADIDAS ORIGINAL](2)" classname="SelFrameWork.StandaloneTest" time="5.298">
    <system-err><![CDATA[Oct 13, 2025 12:27:09 PM org.openqa.selenium.devtools.CdpVersionFinder findNearestMatch
WARNING: Unable to find an exact match for CDP version 141, returning the closest version; found: 139; Please update to a Selenium version that supports CDP version 141
]]></system-err>
  </testcase>
  <testcase name="productConfirmation" classname="SelFrameWork.StandaloneTest" time="1.073">
    <system-err><![CDATA[Oct 13, 2025 12:27:17 PM org.openqa.selenium.devtools.CdpVersionFinder findNearestMatch
WARNING: Unable to find an exact match for CDP version 141, returning the closest version; found: 139; Please update to a Selenium version that supports CDP version 141
]]></system-err>
  </testcase>
</testsuite>