<?xml version="1.0" encoding="UTF-8"?>
<testng-results ignored="0" total="3" passed="3" failed="0" skipped="0">
  <reporter-output>
  </reporter-output>
  <suite started-at="2025-10-15T23:45:01 IST" name="Default suite" finished-at="2025-10-15T23:45:27 IST" duration-ms="26418">
    <groups>
      <group name="submitorder">
        <method signature="StandaloneTest.submitOrderTest(java.util.HashMap)[pri:0, instance:SelFrameWork.StandaloneTest@34e9fd99]" name="submitOrderTest" class="SelFrameWork.StandaloneTest"/>
      </group> <!-- submitorder -->
    </groups>
    <test started-at="2025-10-15T23:45:01 IST" name="Default test" finished-at="2025-10-15T23:45:27 IST" duration-ms="26418">
      <class name="SelFrameWork.StandaloneTest">
        <test-method is-config="true" signature="launchOpenPage()[pri:0, instance:SelFrameWork.StandaloneTest@34e9fd99]" started-at="2025-10-15T23:45:01 IST" name="launchOpenPage" finished-at="2025-10-15T23:45:06 IST" duration-ms="5102" status="PASS">
          <reporter-output>
          </reporter-output>
        </test-method> <!-- launchOpenPage -->
        <test-method signature="submitOrderTest(java.util.HashMap)[pri:0, instance:SelFrameWork.StandaloneTest@34e9fd99]" started-at="2025-10-15T23:45:06 IST" name="submitOrderTest" data-provider="getData" finished-at="2025-10-15T23:45:11 IST" duration-ms="5234" status="PASS">
          <params>
            <param index="0">
              <value>
                <![CDATA[{password=Hari9490@, product=ZARA COAT 3, email=surampudi@gmail.com}]]>
              </value>
            </param>
          </params>
          <reporter-output>
          </reporter-output>
        </test-method> <!-- submitOrderTest -->
        <test-method is-config="true" signature="tearDown()[pri:0, instance:SelFrameWork.StandaloneTest@34e9fd99]" started-at="2025-10-15T23:45:11 IST" name="tearDown" finished-at="2025-10-15T23:45:12 IST" duration-ms="303" status="PASS">
          <reporter-output>
          </reporter-output>
        </test-method> <!-- tearDown -->
        <test-method is-config="true" signature="launchOpenPage()[pri:0, instance:SelFrameWork.StandaloneTest@34e9fd99]" started-at="2025-10-15T23:45:12 IST" name="launchOpenPage" finished-at="2025-10-15T23:45:16 IST" duration-ms="4134" status="PASS">
          <reporter-output>
          </reporter-output>
        </test-method> <!-- launchOpenPage -->
        <test-method signature="submitOrderTest(java.util.HashMap)[pri:0, instance:SelFrameWork.StandaloneTest@34e9fd99]" started-at="2025-10-15T23:45:16 IST" name="submitOrderTest" data-provider="getData" finished-at="2025-10-15T23:45:21 IST" duration-ms="5428" status="PASS">
          <params>
            <param index="0">
              <value>
                <![CDATA[{password=Pavani1008@, product=ADIDAS ORIGINAL, email=pavani1008@gmail.com}]]>
              </value>
            </param>
          </params>
          <reporter-output>
          </reporter-output>
        </test-method> <!-- submitOrderTest -->
        <test-method is-config="true" signature="tearDown()[pri:0, instance:SelFrameWork.StandaloneTest@34e9fd99]" started-at="2025-10-15T23:45:21 IST" name="tearDown" finished-at="2025-10-15T23:45:22 IST" duration-ms="301" status="PASS">
          <reporter-output>
          </reporter-output>
        </test-method> <!-- tearDown -->
        <test-method is-config="true" signature="launchOpenPage()[pri:0, instance:SelFrameWork.StandaloneTest@34e9fd99]" started-at="2025-10-15T23:45:22 IST" name="launchOpenPage" finished-at="2025-10-15T23:45:26 IST" duration-ms="4189" status="PASS">
          <reporter-output>
          </reporter-output>
        </test-method> <!-- launchOpenPage -->
        <test-method signature="productConfirmation()[pri:0, instance:SelFrameWork.StandaloneTest@34e9fd99]" started-at="2025-10-15T23:45:26 IST" name="productConfirmation" finished-at="2025-10-15T23:45:27 IST" depends-on-methods="SelFrameWork.StandaloneTest.submitOrderTest" duration-ms="1011" status="PASS">
          <reporter-output>
          </reporter-output>
        </test-method> <!-- productConfirmation -->
        <test-method is-config="true" signature="tearDown()[pri:0, instance:SelFrameWork.StandaloneTest@34e9fd99]" started-at="2025-10-15T23:45:27 IST" name="tearDown" finished-at="2025-10-15T23:45:27 IST" duration-ms="269" status="PASS">
          <reporter-output>
          </reporter-output>
        </test-method> <!-- tearDown -->
      </class> <!-- SelFrameWork.StandaloneTest -->
    </test> <!-- Default test -->
  </suite> <!-- Default suite -->
</testng-results>
